2023-11-30 10:23:50.752  INFO 12860 --- [main] com.pingalax.Application                 : Starting Application using Java 11.0.18 on DESKTOP-QUFQ9J8 with PID 12860 (D:\Data\Code\java-pingalax-swagger\target\classes started by Administrator in D:\Data\Code\java-pingalax-swagger)
2023-11-30 10:23:50.763  INFO 12860 --- [main] com.pingalax.Application                 : No active profile set, falling back to 1 default profile: "default"
2023-11-30 10:23:53.368  WARN 12860 --- [main] ConfigServletWebServerApplicationContext : Exception encountered during context initialization - cancelling refresh attempt: org.springframework.beans.factory.support.BeanDefinitionOverrideException: Invalid bean definition with name 'paginationInterceptor' defined in class path resource [com/pingalax/config/MybatisPlusConfig.class]: Cannot register bean definition [Root bean: class [null]; scope=; abstract=false; lazyInit=null; autowireMode=3; dependencyCheck=0; autowireCandidate=true; primary=false; factoryBeanName=mybatisPlusConfig; factoryMethodName=paginationInterceptor; initMethodName=null; destroyMethodName=(inferred); defined in class path resource [com/pingalax/config/MybatisPlusConfig.class]] for bean 'paginationInterceptor': There is already [Root bean: class [null]; scope=; abstract=false; lazyInit=null; autowireMode=3; dependencyCheck=0; autowireCandidate=true; primary=false; factoryBeanName=mybatisConfig; factoryMethodName=paginationInterceptor; initMethodName=null; destroyMethodName=(inferred); defined in class path resource [com/pingalax/config/MybatisConfig.class]] bound.
2023-11-30 10:23:53.377  INFO 12860 --- [main] ConditionEvaluationReportLoggingListener : 

Error starting ApplicationContext. To display the conditions report re-run your application with 'debug' enabled.
2023-11-30 10:23:53.398 ERROR 12860 --- [main] o.s.b.d.LoggingFailureAnalysisReporter   : 

***************************
APPLICATION FAILED TO START
***************************

Description:

The bean 'paginationInterceptor', defined in class path resource [com/pingalax/config/MybatisPlusConfig.class], could not be registered. A bean with that name has already been defined in class path resource [com/pingalax/config/MybatisConfig.class] and overriding is disabled.

Action:

Consider renaming one of the beans or enabling overriding by setting spring.main.allow-bean-definition-overriding=true

2023-11-30 10:24:02.027  INFO 13572 --- [main] com.pingalax.Application                 : Starting Application using Java 11.0.18 on DESKTOP-QUFQ9J8 with PID 13572 (D:\Data\Code\java-pingalax-swagger\target\classes started by Administrator in D:\Data\Code\java-pingalax-swagger)
2023-11-30 10:24:02.030  INFO 13572 --- [main] com.pingalax.Application                 : No active profile set, falling back to 1 default profile: "default"
2023-11-30 10:24:02.942  WARN 13572 --- [main] ConfigServletWebServerApplicationContext : Exception encountered during context initialization - cancelling refresh attempt: org.springframework.beans.factory.support.BeanDefinitionOverrideException: Invalid bean definition with name 'paginationInterceptor' defined in class path resource [com/pingalax/config/MybatisPlusConfig.class]: Cannot register bean definition [Root bean: class [null]; scope=; abstract=false; lazyInit=null; autowireMode=3; dependencyCheck=0; autowireCandidate=true; primary=false; factoryBeanName=mybatisPlusConfig; factoryMethodName=paginationInterceptor; initMethodName=null; destroyMethodName=(inferred); defined in class path resource [com/pingalax/config/MybatisPlusConfig.class]] for bean 'paginationInterceptor': There is already [Root bean: class [null]; scope=; abstract=false; lazyInit=null; autowireMode=3; dependencyCheck=0; autowireCandidate=true; primary=false; factoryBeanName=mybatisConfig; factoryMethodName=paginationInterceptor; initMethodName=null; destroyMethodName=(inferred); defined in class path resource [com/pingalax/config/MybatisConfig.class]] bound.
2023-11-30 10:24:02.952  INFO 13572 --- [main] ConditionEvaluationReportLoggingListener : 

Error starting ApplicationContext. To display the conditions report re-run your application with 'debug' enabled.
2023-11-30 10:24:02.971 ERROR 13572 --- [main] o.s.b.d.LoggingFailureAnalysisReporter   : 

***************************
APPLICATION FAILED TO START
***************************

Description:

The bean 'paginationInterceptor', defined in class path resource [com/pingalax/config/MybatisPlusConfig.class], could not be registered. A bean with that name has already been defined in class path resource [com/pingalax/config/MybatisConfig.class] and overriding is disabled.

Action:

Consider renaming one of the beans or enabling overriding by setting spring.main.allow-bean-definition-overriding=true

2023-11-30 10:25:15.575  INFO 17824 --- [main] com.pingalax.Application                 : Starting Application using Java 11.0.18 on DESKTOP-QUFQ9J8 with PID 17824 (D:\Data\Code\java-pingalax-swagger\target\classes started by Administrator in D:\Data\Code\java-pingalax-swagger)
2023-11-30 10:25:15.578  INFO 17824 --- [main] com.pingalax.Application                 : No active profile set, falling back to 1 default profile: "default"
2023-11-30 10:25:16.889  INFO 17824 --- [main] .s.d.r.c.RepositoryConfigurationDelegate : Multiple Spring Data modules found, entering strict repository configuration mode
2023-11-30 10:25:16.890  INFO 17824 --- [main] .s.d.r.c.RepositoryConfigurationDelegate : Bootstrapping Spring Data MongoDB repositories in DEFAULT mode.
2023-11-30 10:25:17.115  INFO 17824 --- [main] .s.d.r.c.RepositoryConfigurationDelegate : Finished Spring Data repository scanning in 219 ms. Found 1 MongoDB repository interfaces.
2023-11-30 10:25:17.129  INFO 17824 --- [main] .s.d.r.c.RepositoryConfigurationDelegate : Multiple Spring Data modules found, entering strict repository configuration mode
2023-11-30 10:25:17.130  INFO 17824 --- [main] .s.d.r.c.RepositoryConfigurationDelegate : Bootstrapping Spring Data Redis repositories in DEFAULT mode.
2023-11-30 10:25:17.155  INFO 17824 --- [main] .RepositoryConfigurationExtensionSupport : Spring Data Redis - Could not safely identify store assignment for repository candidate interface com.pingalax.dao.information.CollectDataDao; If you want this repository to be a Redis repository, consider annotating your entities with one of these annotations: org.springframework.data.redis.core.RedisHash (preferred), or consider extending one of the following types with your repository: org.springframework.data.keyvalue.repository.KeyValueRepository
2023-11-30 10:25:17.155  INFO 17824 --- [main] .s.d.r.c.RepositoryConfigurationDelegate : Finished Spring Data repository scanning in 14 ms. Found 0 Redis repository interfaces.
2023-11-30 10:25:17.299  WARN 17824 --- [main] o.m.s.mapper.ClassPathMapperScanner      : Skipping MapperFactoryBean with name 'collectDataDao' and 'com.pingalax.dao.information.CollectDataDao' mapperInterface. Bean already defined with the same name!
2023-11-30 10:25:17.588  INFO 17824 --- [main] trationDelegate$BeanPostProcessorChecker : Bean 'swaggerConfig' of type [com.pingalax.config.SwaggerConfig$$EnhancerBySpringCGLIB$$1f5a8459] is not eligible for getting processed by all BeanPostProcessors (for example: not eligible for auto-proxying)
2023-11-30 10:25:18.257  INFO 17824 --- [main] o.s.b.w.embedded.tomcat.TomcatWebServer  : Tomcat initialized with port(s): 8090 (http)
2023-11-30 10:25:18.270  INFO 17824 --- [main] o.apache.catalina.core.StandardService   : Starting service [Tomcat]
2023-11-30 10:25:18.270  INFO 17824 --- [main] org.apache.catalina.core.StandardEngine  : Starting Servlet engine: [Apache Tomcat/9.0.78]
2023-11-30 10:25:18.429  INFO 17824 --- [main] o.a.c.c.C.[Tomcat].[localhost].[/]       : Initializing Spring embedded WebApplicationContext
2023-11-30 10:25:18.429  INFO 17824 --- [main] w.s.c.ServletWebServerApplicationContext : Root WebApplicationContext: initialization completed in 2800 ms
2023-11-30 10:25:18.539  INFO 17824 --- [main] c.a.d.s.b.a.DruidDataSourceAutoConfigure : Init DruidDataSource
2023-11-30 10:25:18.796  INFO 17824 --- [main] com.alibaba.druid.pool.DruidDataSource   : {dataSource-1} inited
2023-11-30 10:25:20.636  INFO 17824 --- [main] org.mongodb.driver.client                : MongoClient with metadata {"driver": {"name": "mongo-java-driver|sync|spring-boot", "version": "4.6.1"}, "os": {"type": "Windows", "name": "Windows 11", "architecture": "amd64", "version": "10.0"}, "platform": "Java/Oracle Corporation/11.0.18+9-LTS-195"} created with settings MongoClientSettings{readPreference=primary, writeConcern=WriteConcern{w=null, wTimeout=null ms, journal=null}, retryWrites=true, retryReads=true, readConcern=ReadConcern{level=null}, credential=null, streamFactoryFactory=null, commandListeners=[io.micrometer.core.instrument.binder.mongodb.MongoMetricsCommandListener@15f11bfb], codecRegistry=ProvidersCodecRegistry{codecProviders=[ValueCodecProvider{}, BsonValueCodecProvider{}, DBRefCodecProvider{}, DBObjectCodecProvider{}, DocumentCodecProvider{}, IterableCodecProvider{}, MapCodecProvider{}, GeoJsonCodecProvider{}, GridFSFileCodecProvider{}, Jsr310CodecProvider{}, JsonObjectCodecProvider{}, BsonCodecProvider{}, EnumCodecProvider{}, com.mongodb.Jep395RecordCodecProvider@16a499d1]}, clusterSettings={hosts=[localhost:27017], srvServiceName=mongodb, mode=SINGLE, requiredClusterType=UNKNOWN, requiredReplicaSetName='null', serverSelector='null', clusterListeners='[]', serverSelectionTimeout='30000 ms', localThreshold='30000 ms'}, socketSettings=SocketSettings{connectTimeoutMS=10000, readTimeoutMS=0, receiveBufferSize=0, sendBufferSize=0}, heartbeatSocketSettings=SocketSettings{connectTimeoutMS=10000, readTimeoutMS=10000, receiveBufferSize=0, sendBufferSize=0}, connectionPoolSettings=ConnectionPoolSettings{maxSize=100, minSize=0, maxWaitTimeMS=120000, maxConnectionLifeTimeMS=0, maxConnectionIdleTimeMS=0, maintenanceInitialDelayMS=0, maintenanceFrequencyMS=60000, connectionPoolListeners=[io.micrometer.core.instrument.binder.mongodb.MongoMetricsConnectionPoolListener@2bf4fa1], maxConnecting=2}, serverSettings=ServerSettings{heartbeatFrequencyMS=10000, minHeartbeatFrequencyMS=500, serverListeners='[]', serverMonitorListeners='[]'}, sslSettings=SslSettings{enabled=false, invalidHostNameAllowed=false, context=null}, applicationName='null', compressorList=[], uuidRepresentation=JAVA_LEGACY, serverApi=null, autoEncryptionSettings=null, contextProvider=null}
2023-11-30 10:25:20.741  INFO 17824 --- [cluster-ClusterId{value='6567f29023bf8f1d8fd747ed', description='null'}-localhost:27017] org.mongodb.driver.connection            : Opened connection [connectionId{localValue:2, serverValue:5}] to localhost:27017
2023-11-30 10:25:20.741  INFO 17824 --- [cluster-rtt-ClusterId{value='6567f29023bf8f1d8fd747ed', description='null'}-localhost:27017] org.mongodb.driver.connection            : Opened connection [connectionId{localValue:1, serverValue:6}] to localhost:27017
2023-11-30 10:25:20.748  INFO 17824 --- [cluster-ClusterId{value='6567f29023bf8f1d8fd747ed', description='null'}-localhost:27017] org.mongodb.driver.cluster               : Monitor thread successfully connected to server with description ServerDescription{address=localhost:27017, type=STANDALONE, state=CONNECTED, ok=true, minWireVersion=0, maxWireVersion=17, maxDocumentSize=16777216, logicalSessionTimeoutMinutes=30, roundTripTimeNanos=90311900}
2023-11-30 10:25:23.528  INFO 17824 --- [main] o.s.b.a.e.web.EndpointLinksResolver      : Exposing 1 endpoint(s) beneath base path '/actuator'
2023-11-30 10:25:24.678  INFO 17824 --- [main] o.s.b.w.embedded.tomcat.TomcatWebServer  : Tomcat started on port(s): 8090 (http) with context path ''
2023-11-30 10:25:25.705  INFO 17824 --- [main] com.pingalax.Application                 : Started Application in 10.582 seconds (JVM running for 11.033)
2023-11-30 10:25:25.725  INFO 17824 --- [main] com.pingalax.Application                 : Project starting success..........
