2023-09-12 09:45:45.490  INFO 8868 --- [main] com.pingalax.Application                 : Starting Application using Java 11.0.18 on DESKTOP-QUFQ9J8 with PID 8868 (D:\Data\Code\java_code\java-pingalax-swagger\target\classes started by Administrator in D:\Data\Code\java_code\java-pingalax-swagger)
2023-09-12 09:45:45.511  INFO 8868 --- [main] com.pingalax.Application                 : No active profile set, falling back to 1 default profile: "default"
2023-09-12 09:45:47.124  INFO 8868 --- [main] .s.d.r.c.RepositoryConfigurationDelegate : Multiple Spring Data modules found, entering strict repository configuration mode
2023-09-12 09:45:47.125  INFO 8868 --- [main] .s.d.r.c.RepositoryConfigurationDelegate : Bootstrapping Spring Data MongoDB repositories in DEFAULT mode.
2023-09-12 09:45:47.210  INFO 8868 --- [main] .s.d.r.c.RepositoryConfigurationDelegate : Finished Spring Data repository scanning in 79 ms. Found 1 MongoDB repository interfaces.
2023-09-12 09:45:47.226  INFO 8868 --- [main] .s.d.r.c.RepositoryConfigurationDelegate : Multiple Spring Data modules found, entering strict repository configuration mode
2023-09-12 09:45:47.228  INFO 8868 --- [main] .s.d.r.c.RepositoryConfigurationDelegate : Bootstrapping Spring Data Redis repositories in DEFAULT mode.
2023-09-12 09:45:47.256  INFO 8868 --- [main] .RepositoryConfigurationExtensionSupport : Spring Data Redis - Could not safely identify store assignment for repository candidate interface com.pingalax.dao.information.CollectDataDao; If you want this repository to be a Redis repository, consider annotating your entities with one of these annotations: org.springframework.data.redis.core.RedisHash (preferred), or consider extending one of the following types with your repository: org.springframework.data.keyvalue.repository.KeyValueRepository
2023-09-12 09:45:47.256  INFO 8868 --- [main] .s.d.r.c.RepositoryConfigurationDelegate : Finished Spring Data repository scanning in 12 ms. Found 0 Redis repository interfaces.
2023-09-12 09:45:47.460  WARN 8868 --- [main] o.m.s.mapper.ClassPathMapperScanner      : Skipping MapperFactoryBean with name 'collectDataDao' and 'com.pingalax.dao.information.CollectDataDao' mapperInterface. Bean already defined with the same name!
2023-09-12 09:45:47.792  INFO 8868 --- [main] trationDelegate$BeanPostProcessorChecker : Bean 'swaggerConfig' of type [com.pingalax.config.SwaggerConfig$$EnhancerBySpringCGLIB$$f676e3f6] is not eligible for getting processed by all BeanPostProcessors (for example: not eligible for auto-proxying)
2023-09-12 09:45:48.148  INFO 8868 --- [main] o.s.b.w.embedded.tomcat.TomcatWebServer  : Tomcat initialized with port(s): 8090 (http)
2023-09-12 09:45:48.162  INFO 8868 --- [main] o.apache.catalina.core.StandardService   : Starting service [Tomcat]
2023-09-12 09:45:48.163  INFO 8868 --- [main] org.apache.catalina.core.StandardEngine  : Starting Servlet engine: [Apache Tomcat/9.0.78]
2023-09-12 09:45:48.307  INFO 8868 --- [main] o.a.c.c.C.[Tomcat].[localhost].[/]       : Initializing Spring embedded WebApplicationContext
2023-09-12 09:45:48.307  INFO 8868 --- [main] w.s.c.ServletWebServerApplicationContext : Root WebApplicationContext: initialization completed in 2767 ms
2023-09-12 09:45:48.411  INFO 8868 --- [main] c.a.d.s.b.a.DruidDataSourceAutoConfigure : Init DruidDataSource
2023-09-12 09:45:48.563  INFO 8868 --- [main] com.alibaba.druid.pool.DruidDataSource   : {dataSource-1} inited
2023-09-12 09:45:49.235  INFO 8868 --- [main] org.mongodb.driver.client                : MongoClient with metadata {"driver": {"name": "mongo-java-driver|sync|spring-boot", "version": "4.6.1"}, "os": {"type": "Windows", "name": "Windows 11", "architecture": "amd64", "version": "10.0"}, "platform": "Java/Oracle Corporation/11.0.18+9-LTS-195"} created with settings MongoClientSettings{readPreference=primary, writeConcern=WriteConcern{w=null, wTimeout=null ms, journal=null}, retryWrites=true, retryReads=true, readConcern=ReadConcern{level=null}, credential=null, streamFactoryFactory=null, commandListeners=[io.micrometer.core.instrument.binder.mongodb.MongoMetricsCommandListener@35f01759], codecRegistry=ProvidersCodecRegistry{codecProviders=[ValueCodecProvider{}, BsonValueCodecProvider{}, DBRefCodecProvider{}, DBObjectCodecProvider{}, DocumentCodecProvider{}, IterableCodecProvider{}, MapCodecProvider{}, GeoJsonCodecProvider{}, GridFSFileCodecProvider{}, Jsr310CodecProvider{}, JsonObjectCodecProvider{}, BsonCodecProvider{}, EnumCodecProvider{}, com.mongodb.Jep395RecordCodecProvider@2fea9a7b]}, clusterSettings={hosts=[localhost:27017], srvServiceName=mongodb, mode=SINGLE, requiredClusterType=UNKNOWN, requiredReplicaSetName='null', serverSelector='null', clusterListeners='[]', serverSelectionTimeout='30000 ms', localThreshold='30000 ms'}, socketSettings=SocketSettings{connectTimeoutMS=10000, readTimeoutMS=0, receiveBufferSize=0, sendBufferSize=0}, heartbeatSocketSettings=SocketSettings{connectTimeoutMS=10000, readTimeoutMS=10000, receiveBufferSize=0, sendBufferSize=0}, connectionPoolSettings=ConnectionPoolSettings{maxSize=100, minSize=0, maxWaitTimeMS=120000, maxConnectionLifeTimeMS=0, maxConnectionIdleTimeMS=0, maintenanceInitialDelayMS=0, maintenanceFrequencyMS=60000, connectionPoolListeners=[io.micrometer.core.instrument.binder.mongodb.MongoMetricsConnectionPoolListener@2aa07d80], maxConnecting=2}, serverSettings=ServerSettings{heartbeatFrequencyMS=10000, minHeartbeatFrequencyMS=500, serverListeners='[]', serverMonitorListeners='[]'}, sslSettings=SslSettings{enabled=false, invalidHostNameAllowed=false, context=null}, applicationName='null', compressorList=[], uuidRepresentation=JAVA_LEGACY, serverApi=null, autoEncryptionSettings=null, contextProvider=null}
2023-09-12 09:45:49.247  INFO 8868 --- [cluster-rtt-ClusterId{value='64ffc2cd1ad764261d0c97c4', description='null'}-localhost:27017] org.mongodb.driver.connection            : Opened connection [connectionId{localValue:2, serverValue:266}] to localhost:27017
2023-09-12 09:45:49.248  INFO 8868 --- [cluster-ClusterId{value='64ffc2cd1ad764261d0c97c4', description='null'}-localhost:27017] org.mongodb.driver.connection            : Opened connection [connectionId{localValue:1, serverValue:267}] to localhost:27017
2023-09-12 09:45:49.248  INFO 8868 --- [cluster-ClusterId{value='64ffc2cd1ad764261d0c97c4', description='null'}-localhost:27017] org.mongodb.driver.cluster               : Monitor thread successfully connected to server with description ServerDescription{address=localhost:27017, type=STANDALONE, state=CONNECTED, ok=true, minWireVersion=0, maxWireVersion=17, maxDocumentSize=16777216, logicalSessionTimeoutMinutes=30, roundTripTimeNanos=16892800}
2023-09-12 09:45:49.915  INFO 8868 --- [main] o.s.b.a.e.web.EndpointLinksResolver      : Exposing 1 endpoint(s) beneath base path '/actuator'
2023-09-12 09:45:50.344  INFO 8868 --- [main] o.s.b.w.embedded.tomcat.TomcatWebServer  : Tomcat started on port(s): 8090 (http) with context path ''
2023-09-12 09:45:50.565  INFO 8868 --- [main] com.pingalax.Application                 : Started Application in 5.358 seconds (JVM running for 6.013)
2023-09-12 09:45:50.569  INFO 8868 --- [main] com.pingalax.Application                 : 项目启动成功..........
2023-09-12 09:45:50.670  INFO 8868 --- [RMI TCP Connection(1)-10.0.101.237] o.a.c.c.C.[Tomcat].[localhost].[/]       : Initializing Spring DispatcherServlet 'dispatcherServlet'
2023-09-12 09:45:50.670  INFO 8868 --- [RMI TCP Connection(1)-10.0.101.237] o.s.web.servlet.DispatcherServlet        : Initializing Servlet 'dispatcherServlet'
2023-09-12 09:45:50.671  INFO 8868 --- [RMI TCP Connection(1)-10.0.101.237] o.s.web.servlet.DispatcherServlet        : Completed initialization in 1 ms
2023-09-12 09:45:51.116  INFO 8868 --- [RMI TCP Connection(3)-10.0.101.237] org.mongodb.driver.connection            : Opened connection [connectionId{localValue:3, serverValue:268}] to localhost:27017
2023-09-12 09:47:02.747  INFO 8868 --- [SpringApplicationShutdownHook] com.alibaba.druid.pool.DruidDataSource   : {dataSource-1} closing ...
2023-09-12 09:47:02.754  INFO 8868 --- [SpringApplicationShutdownHook] com.alibaba.druid.pool.DruidDataSource   : {dataSource-1} closed
2023-09-12 09:47:06.799  INFO 26288 --- [main] com.pingalax.Application                 : Starting Application using Java 11.0.18 on DESKTOP-QUFQ9J8 with PID 26288 (D:\Data\Code\java_code\java-pingalax-swagger\target\classes started by Administrator in D:\Data\Code\java_code\java-pingalax-swagger)
2023-09-12 09:47:06.802  INFO 26288 --- [main] com.pingalax.Application                 : No active profile set, falling back to 1 default profile: "default"
2023-09-12 09:47:07.616  INFO 26288 --- [main] .s.d.r.c.RepositoryConfigurationDelegate : Multiple Spring Data modules found, entering strict repository configuration mode
2023-09-12 09:47:07.616  INFO 26288 --- [main] .s.d.r.c.RepositoryConfigurationDelegate : Bootstrapping Spring Data MongoDB repositories in DEFAULT mode.
2023-09-12 09:47:07.660  INFO 26288 --- [main] .s.d.r.c.RepositoryConfigurationDelegate : Finished Spring Data repository scanning in 40 ms. Found 1 MongoDB repository interfaces.
2023-09-12 09:47:07.666  INFO 26288 --- [main] .s.d.r.c.RepositoryConfigurationDelegate : Multiple Spring Data modules found, entering strict repository configuration mode
2023-09-12 09:47:07.667  INFO 26288 --- [main] .s.d.r.c.RepositoryConfigurationDelegate : Bootstrapping Spring Data Redis repositories in DEFAULT mode.
2023-09-12 09:47:07.680  INFO 26288 --- [main] .RepositoryConfigurationExtensionSupport : Spring Data Redis - Could not safely identify store assignment for repository candidate interface com.pingalax.dao.information.CollectDataDao; If you want this repository to be a Redis repository, consider annotating your entities with one of these annotations: org.springframework.data.redis.core.RedisHash (preferred), or consider extending one of the following types with your repository: org.springframework.data.keyvalue.repository.KeyValueRepository
2023-09-12 09:47:07.680  INFO 26288 --- [main] .s.d.r.c.RepositoryConfigurationDelegate : Finished Spring Data repository scanning in 6 ms. Found 0 Redis repository interfaces.
2023-09-12 09:47:07.765  WARN 26288 --- [main] o.m.s.mapper.ClassPathMapperScanner      : Skipping MapperFactoryBean with name 'collectDataDao' and 'com.pingalax.dao.information.CollectDataDao' mapperInterface. Bean already defined with the same name!
2023-09-12 09:47:07.916  INFO 26288 --- [main] trationDelegate$BeanPostProcessorChecker : Bean 'swaggerConfig' of type [com.pingalax.config.SwaggerConfig$$EnhancerBySpringCGLIB$$d761e0ba] is not eligible for getting processed by all BeanPostProcessors (for example: not eligible for auto-proxying)
2023-09-12 09:47:08.069  INFO 26288 --- [main] o.s.b.w.embedded.tomcat.TomcatWebServer  : Tomcat initialized with port(s): 8090 (http)
2023-09-12 09:47:08.075  INFO 26288 --- [main] o.apache.catalina.core.StandardService   : Starting service [Tomcat]
2023-09-12 09:47:08.075  INFO 26288 --- [main] org.apache.catalina.core.StandardEngine  : Starting Servlet engine: [Apache Tomcat/9.0.78]
2023-09-12 09:47:08.139  INFO 26288 --- [main] o.a.c.c.C.[Tomcat].[localhost].[/]       : Initializing Spring embedded WebApplicationContext
2023-09-12 09:47:08.139  INFO 26288 --- [main] w.s.c.ServletWebServerApplicationContext : Root WebApplicationContext: initialization completed in 1301 ms
2023-09-12 09:47:08.185  INFO 26288 --- [main] c.a.d.s.b.a.DruidDataSourceAutoConfigure : Init DruidDataSource
2023-09-12 09:47:08.248  INFO 26288 --- [main] com.alibaba.druid.pool.DruidDataSource   : {dataSource-1} inited
2023-09-12 09:47:08.836  INFO 26288 --- [main] org.mongodb.driver.client                : MongoClient with metadata {"driver": {"name": "mongo-java-driver|sync|spring-boot", "version": "4.6.1"}, "os": {"type": "Windows", "name": "Windows 11", "architecture": "amd64", "version": "10.0"}, "platform": "Java/Oracle Corporation/11.0.18+9-LTS-195"} created with settings MongoClientSettings{readPreference=primary, writeConcern=WriteConcern{w=null, wTimeout=null ms, journal=null}, retryWrites=true, retryReads=true, readConcern=ReadConcern{level=null}, credential=null, streamFactoryFactory=null, commandListeners=[io.micrometer.core.instrument.binder.mongodb.MongoMetricsCommandListener@3d98729a], codecRegistry=ProvidersCodecRegistry{codecProviders=[ValueCodecProvider{}, BsonValueCodecProvider{}, DBRefCodecProvider{}, DBObjectCodecProvider{}, DocumentCodecProvider{}, IterableCodecProvider{}, MapCodecProvider{}, GeoJsonCodecProvider{}, GridFSFileCodecProvider{}, Jsr310CodecProvider{}, JsonObjectCodecProvider{}, BsonCodecProvider{}, EnumCodecProvider{}, com.mongodb.Jep395RecordCodecProvider@2375a976]}, clusterSettings={hosts=[localhost:27017], srvServiceName=mongodb, mode=SINGLE, requiredClusterType=UNKNOWN, requiredReplicaSetName='null', serverSelector='null', clusterListeners='[]', serverSelectionTimeout='30000 ms', localThreshold='30000 ms'}, socketSettings=SocketSettings{connectTimeoutMS=10000, readTimeoutMS=0, receiveBufferSize=0, sendBufferSize=0}, heartbeatSocketSettings=SocketSettings{connectTimeoutMS=10000, readTimeoutMS=10000, receiveBufferSize=0, sendBufferSize=0}, connectionPoolSettings=ConnectionPoolSettings{maxSize=100, minSize=0, maxWaitTimeMS=120000, maxConnectionLifeTimeMS=0, maxConnectionIdleTimeMS=0, maintenanceInitialDelayMS=0, maintenanceFrequencyMS=60000, connectionPoolListeners=[io.micrometer.core.instrument.binder.mongodb.MongoMetricsConnectionPoolListener@4bc21e34], maxConnecting=2}, serverSettings=ServerSettings{heartbeatFrequencyMS=10000, minHeartbeatFrequencyMS=500, serverListeners='[]', serverMonitorListeners='[]'}, sslSettings=SslSettings{enabled=false, invalidHostNameAllowed=false, context=null}, applicationName='null', compressorList=[], uuidRepresentation=JAVA_LEGACY, serverApi=null, autoEncryptionSettings=null, contextProvider=null}
2023-09-12 09:47:08.848  INFO 26288 --- [cluster-rtt-ClusterId{value='64ffc31cca446d54c7981ad7', description='null'}-localhost:27017] org.mongodb.driver.connection            : Opened connection [connectionId{localValue:1, serverValue:269}] to localhost:27017
2023-09-12 09:47:08.849  INFO 26288 --- [cluster-ClusterId{value='64ffc31cca446d54c7981ad7', description='null'}-localhost:27017] org.mongodb.driver.connection            : Opened connection [connectionId{localValue:2, serverValue:270}] to localhost:27017
2023-09-12 09:47:08.850  INFO 26288 --- [cluster-ClusterId{value='64ffc31cca446d54c7981ad7', description='null'}-localhost:27017] org.mongodb.driver.cluster               : Monitor thread successfully connected to server with description ServerDescription{address=localhost:27017, type=STANDALONE, state=CONNECTED, ok=true, minWireVersion=0, maxWireVersion=17, maxDocumentSize=16777216, logicalSessionTimeoutMinutes=30, roundTripTimeNanos=13587200}
2023-09-12 09:47:09.627  INFO 26288 --- [main] o.s.b.a.e.web.EndpointLinksResolver      : Exposing 1 endpoint(s) beneath base path '/actuator'
2023-09-12 09:47:10.283  INFO 26288 --- [main] o.s.b.w.embedded.tomcat.TomcatWebServer  : Tomcat started on port(s): 8090 (http) with context path ''
2023-09-12 09:47:10.525  INFO 26288 --- [http-nio-8090-exec-1] o.a.c.c.C.[Tomcat].[localhost].[/]       : Initializing Spring DispatcherServlet 'dispatcherServlet'
2023-09-12 09:47:10.526  INFO 26288 --- [http-nio-8090-exec-1] o.s.web.servlet.DispatcherServlet        : Initializing Servlet 'dispatcherServlet'
2023-09-12 09:47:10.527  INFO 26288 --- [http-nio-8090-exec-1] o.s.web.servlet.DispatcherServlet        : Completed initialization in 1 ms
2023-09-12 09:47:10.528  INFO 26288 --- [main] com.pingalax.Application                 : Started Application in 3.986 seconds (JVM running for 4.564)
2023-09-12 09:47:10.532  INFO 26288 --- [main] com.pingalax.Application                 : 项目启动成功..........
2023-09-12 09:47:11.264  INFO 26288 --- [RMI TCP Connection(2)-10.0.101.237] org.mongodb.driver.connection            : Opened connection [connectionId{localValue:3, serverValue:271}] to localhost:27017
2023-09-12 09:47:43.195  INFO 26288 --- [SpringApplicationShutdownHook] com.alibaba.druid.pool.DruidDataSource   : {dataSource-1} closing ...
2023-09-12 09:47:43.203  INFO 26288 --- [SpringApplicationShutdownHook] com.alibaba.druid.pool.DruidDataSource   : {dataSource-1} closed
2023-09-12 09:47:46.314  INFO 29652 --- [main] com.pingalax.Application                 : Starting Application using Java 11.0.18 on DESKTOP-QUFQ9J8 with PID 29652 (D:\Data\Code\java_code\java-pingalax-swagger\target\classes started by Administrator in D:\Data\Code\java_code\java-pingalax-swagger)
2023-09-12 09:47:46.317  INFO 29652 --- [main] com.pingalax.Application                 : No active profile set, falling back to 1 default profile: "default"
2023-09-12 09:47:47.120  INFO 29652 --- [main] .s.d.r.c.RepositoryConfigurationDelegate : Multiple Spring Data modules found, entering strict repository configuration mode
2023-09-12 09:47:47.121  INFO 29652 --- [main] .s.d.r.c.RepositoryConfigurationDelegate : Bootstrapping Spring Data MongoDB repositories in DEFAULT mode.
2023-09-12 09:47:47.166  INFO 29652 --- [main] .s.d.r.c.RepositoryConfigurationDelegate : Finished Spring Data repository scanning in 41 ms. Found 1 MongoDB repository interfaces.
2023-09-12 09:47:47.173  INFO 29652 --- [main] .s.d.r.c.RepositoryConfigurationDelegate : Multiple Spring Data modules found, entering strict repository configuration mode
2023-09-12 09:47:47.174  INFO 29652 --- [main] .s.d.r.c.RepositoryConfigurationDelegate : Bootstrapping Spring Data Redis repositories in DEFAULT mode.
2023-09-12 09:47:47.185  INFO 29652 --- [main] .RepositoryConfigurationExtensionSupport : Spring Data Redis - Could not safely identify store assignment for repository candidate interface com.pingalax.dao.information.CollectDataDao; If you want this repository to be a Redis repository, consider annotating your entities with one of these annotations: org.springframework.data.redis.core.RedisHash (preferred), or consider extending one of the following types with your repository: org.springframework.data.keyvalue.repository.KeyValueRepository
2023-09-12 09:47:47.185  INFO 29652 --- [main] .s.d.r.c.RepositoryConfigurationDelegate : Finished Spring Data repository scanning in 6 ms. Found 0 Redis repository interfaces.
2023-09-12 09:47:47.273  WARN 29652 --- [main] o.m.s.mapper.ClassPathMapperScanner      : Skipping MapperFactoryBean with name 'collectDataDao' and 'com.pingalax.dao.information.CollectDataDao' mapperInterface. Bean already defined with the same name!
2023-09-12 09:47:47.436  INFO 29652 --- [main] trationDelegate$BeanPostProcessorChecker : Bean 'swaggerConfig' of type [com.pingalax.config.SwaggerConfig$$EnhancerBySpringCGLIB$$da85e279] is not eligible for getting processed by all BeanPostProcessors (for example: not eligible for auto-proxying)
2023-09-12 09:47:47.592  INFO 29652 --- [main] o.s.b.w.embedded.tomcat.TomcatWebServer  : Tomcat initialized with port(s): 8090 (http)
2023-09-12 09:47:47.598  INFO 29652 --- [main] o.apache.catalina.core.StandardService   : Starting service [Tomcat]
2023-09-12 09:47:47.598  INFO 29652 --- [main] org.apache.catalina.core.StandardEngine  : Starting Servlet engine: [Apache Tomcat/9.0.78]
2023-09-12 09:47:47.665  INFO 29652 --- [main] o.a.c.c.C.[Tomcat].[localhost].[/]       : Initializing Spring embedded WebApplicationContext
2023-09-12 09:47:47.665  INFO 29652 --- [main] w.s.c.ServletWebServerApplicationContext : Root WebApplicationContext: initialization completed in 1313 ms
2023-09-12 09:47:47.711  INFO 29652 --- [main] c.a.d.s.b.a.DruidDataSourceAutoConfigure : Init DruidDataSource
2023-09-12 09:47:47.772  INFO 29652 --- [main] com.alibaba.druid.pool.DruidDataSource   : {dataSource-1} inited
2023-09-12 09:47:48.353  INFO 29652 --- [main] org.mongodb.driver.client                : MongoClient with metadata {"driver": {"name": "mongo-java-driver|sync|spring-boot", "version": "4.6.1"}, "os": {"type": "Windows", "name": "Windows 11", "architecture": "amd64", "version": "10.0"}, "platform": "Java/Oracle Corporation/11.0.18+9-LTS-195"} created with settings MongoClientSettings{readPreference=primary, writeConcern=WriteConcern{w=null, wTimeout=null ms, journal=null}, retryWrites=true, retryReads=true, readConcern=ReadConcern{level=null}, credential=null, streamFactoryFactory=null, commandListeners=[io.micrometer.core.instrument.binder.mongodb.MongoMetricsCommandListener@4449b273], codecRegistry=ProvidersCodecRegistry{codecProviders=[ValueCodecProvider{}, BsonValueCodecProvider{}, DBRefCodecProvider{}, DBObjectCodecProvider{}, DocumentCodecProvider{}, IterableCodecProvider{}, MapCodecProvider{}, GeoJsonCodecProvider{}, GridFSFileCodecProvider{}, Jsr310CodecProvider{}, JsonObjectCodecProvider{}, BsonCodecProvider{}, EnumCodecProvider{}, com.mongodb.Jep395RecordCodecProvider@1fa18f87]}, clusterSettings={hosts=[localhost:27017], srvServiceName=mongodb, mode=SINGLE, requiredClusterType=UNKNOWN, requiredReplicaSetName='null', serverSelector='null', clusterListeners='[]', serverSelectionTimeout='30000 ms', localThreshold='30000 ms'}, socketSettings=SocketSettings{connectTimeoutMS=10000, readTimeoutMS=0, receiveBufferSize=0, sendBufferSize=0}, heartbeatSocketSettings=SocketSettings{connectTimeoutMS=10000, readTimeoutMS=10000, receiveBufferSize=0, sendBufferSize=0}, connectionPoolSettings=ConnectionPoolSettings{maxSize=100, minSize=0, maxWaitTimeMS=120000, maxConnectionLifeTimeMS=0, maxConnectionIdleTimeMS=0, maintenanceInitialDelayMS=0, maintenanceFrequencyMS=60000, connectionPoolListeners=[io.micrometer.core.instrument.binder.mongodb.MongoMetricsConnectionPoolListener@1d9bd1d6], maxConnecting=2}, serverSettings=ServerSettings{heartbeatFrequencyMS=10000, minHeartbeatFrequencyMS=500, serverListeners='[]', serverMonitorListeners='[]'}, sslSettings=SslSettings{enabled=false, invalidHostNameAllowed=false, context=null}, applicationName='null', compressorList=[], uuidRepresentation=JAVA_LEGACY, serverApi=null, autoEncryptionSettings=null, contextProvider=null}
2023-09-12 09:47:48.365  INFO 29652 --- [cluster-ClusterId{value='64ffc34430b3c54930348c2b', description='null'}-localhost:27017] org.mongodb.driver.connection            : Opened connection [connectionId{localValue:1, serverValue:272}] to localhost:27017
2023-09-12 09:47:48.365  INFO 29652 --- [cluster-rtt-ClusterId{value='64ffc34430b3c54930348c2b', description='null'}-localhost:27017] org.mongodb.driver.connection            : Opened connection [connectionId{localValue:2, serverValue:273}] to localhost:27017
2023-09-12 09:47:48.366  INFO 29652 --- [cluster-ClusterId{value='64ffc34430b3c54930348c2b', description='null'}-localhost:27017] org.mongodb.driver.cluster               : Monitor thread successfully connected to server with description ServerDescription{address=localhost:27017, type=STANDALONE, state=CONNECTED, ok=true, minWireVersion=0, maxWireVersion=17, maxDocumentSize=16777216, logicalSessionTimeoutMinutes=30, roundTripTimeNanos=13528900}
2023-09-12 09:47:49.235  INFO 29652 --- [main] o.s.b.a.e.web.EndpointLinksResolver      : Exposing 1 endpoint(s) beneath base path '/actuator'
2023-09-12 09:47:49.935  INFO 29652 --- [main] o.s.b.w.embedded.tomcat.TomcatWebServer  : Tomcat started on port(s): 8090 (http) with context path ''
2023-09-12 09:47:50.341  INFO 29652 --- [main] com.pingalax.Application                 : Started Application in 4.304 seconds (JVM running for 4.909)
2023-09-12 09:47:50.350  INFO 29652 --- [main] com.pingalax.Application                 : 项目启动成功..........
2023-09-12 09:47:50.979  INFO 29652 --- [RMI TCP Connection(1)-10.0.101.237] org.mongodb.driver.connection            : Opened connection [connectionId{localValue:3, serverValue:274}] to localhost:27017
2023-09-12 09:47:50.979  INFO 29652 --- [RMI TCP Connection(3)-10.0.101.237] o.a.c.c.C.[Tomcat].[localhost].[/]       : Initializing Spring DispatcherServlet 'dispatcherServlet'
2023-09-12 09:47:50.979  INFO 29652 --- [RMI TCP Connection(3)-10.0.101.237] o.s.web.servlet.DispatcherServlet        : Initializing Servlet 'dispatcherServlet'
2023-09-12 09:47:50.981  INFO 29652 --- [RMI TCP Connection(3)-10.0.101.237] o.s.web.servlet.DispatcherServlet        : Completed initialization in 2 ms
2023-09-12 16:44:18.780  INFO 29652 --- [SpringApplicationShutdownHook] com.alibaba.druid.pool.DruidDataSource   : {dataSource-1} closing ...
2023-09-12 16:44:18.785  INFO 29652 --- [SpringApplicationShutdownHook] com.alibaba.druid.pool.DruidDataSource   : {dataSource-1} closed
2023-09-12 16:44:22.516  INFO 9476 --- [main] com.pingalax.Application                 : Starting Application using Java 11.0.18 on DESKTOP-QUFQ9J8 with PID 9476 (D:\Data\Code\java_code\java-pingalax-swagger\target\classes started by Administrator in D:\Data\Code\java_code\java-pingalax-swagger)
2023-09-12 16:44:22.519  INFO 9476 --- [main] com.pingalax.Application                 : No active profile set, falling back to 1 default profile: "default"
2023-09-12 16:44:24.006  INFO 9476 --- [main] .s.d.r.c.RepositoryConfigurationDelegate : Multiple Spring Data modules found, entering strict repository configuration mode
2023-09-12 16:44:24.007  INFO 9476 --- [main] .s.d.r.c.RepositoryConfigurationDelegate : Bootstrapping Spring Data MongoDB repositories in DEFAULT mode.
2023-09-12 16:44:24.096  INFO 9476 --- [main] .s.d.r.c.RepositoryConfigurationDelegate : Finished Spring Data repository scanning in 83 ms. Found 1 MongoDB repository interfaces.
2023-09-12 16:44:24.113  INFO 9476 --- [main] .s.d.r.c.RepositoryConfigurationDelegate : Multiple Spring Data modules found, entering strict repository configuration mode
2023-09-12 16:44:24.114  INFO 9476 --- [main] .s.d.r.c.RepositoryConfigurationDelegate : Bootstrapping Spring Data Redis repositories in DEFAULT mode.
2023-09-12 16:44:24.142  INFO 9476 --- [main] .RepositoryConfigurationExtensionSupport : Spring Data Redis - Could not safely identify store assignment for repository candidate interface com.pingalax.dao.information.CollectDataDao; If you want this repository to be a Redis repository, consider annotating your entities with one of these annotations: org.springframework.data.redis.core.RedisHash (preferred), or consider extending one of the following types with your repository: org.springframework.data.keyvalue.repository.KeyValueRepository
2023-09-12 16:44:24.143  INFO 9476 --- [main] .s.d.r.c.RepositoryConfigurationDelegate : Finished Spring Data repository scanning in 17 ms. Found 0 Redis repository interfaces.
2023-09-12 16:44:24.346  WARN 9476 --- [main] o.m.s.mapper.ClassPathMapperScanner      : Skipping MapperFactoryBean with name 'collectDataDao' and 'com.pingalax.dao.information.CollectDataDao' mapperInterface. Bean already defined with the same name!
2023-09-12 16:44:24.604  INFO 9476 --- [main] trationDelegate$BeanPostProcessorChecker : Bean 'swaggerConfig' of type [com.pingalax.config.SwaggerConfig$$EnhancerBySpringCGLIB$$3412473f] is not eligible for getting processed by all BeanPostProcessors (for example: not eligible for auto-proxying)
2023-09-12 16:44:24.921  INFO 9476 --- [main] o.s.b.w.embedded.tomcat.TomcatWebServer  : Tomcat initialized with port(s): 8090 (http)
2023-09-12 16:44:24.932  INFO 9476 --- [main] o.apache.catalina.core.StandardService   : Starting service [Tomcat]
2023-09-12 16:44:24.932  INFO 9476 --- [main] org.apache.catalina.core.StandardEngine  : Starting Servlet engine: [Apache Tomcat/9.0.78]
2023-09-12 16:44:25.128  INFO 9476 --- [main] o.a.c.c.C.[Tomcat].[localhost].[/]       : Initializing Spring embedded WebApplicationContext
2023-09-12 16:44:25.129  INFO 9476 --- [main] w.s.c.ServletWebServerApplicationContext : Root WebApplicationContext: initialization completed in 2568 ms
2023-09-12 16:44:25.213  INFO 9476 --- [main] c.a.d.s.b.a.DruidDataSourceAutoConfigure : Init DruidDataSource
2023-09-12 16:44:25.363  INFO 9476 --- [main] com.alibaba.druid.pool.DruidDataSource   : {dataSource-1} inited
2023-09-12 16:44:26.408  INFO 9476 --- [main] org.mongodb.driver.client                : MongoClient with metadata {"driver": {"name": "mongo-java-driver|sync|spring-boot", "version": "4.6.1"}, "os": {"type": "Windows", "name": "Windows 11", "architecture": "amd64", "version": "10.0"}, "platform": "Java/Oracle Corporation/11.0.18+9-LTS-195"} created with settings MongoClientSettings{readPreference=primary, writeConcern=WriteConcern{w=null, wTimeout=null ms, journal=null}, retryWrites=true, retryReads=true, readConcern=ReadConcern{level=null}, credential=null, streamFactoryFactory=null, commandListeners=[io.micrometer.core.instrument.binder.mongodb.MongoMetricsCommandListener@275902e1], codecRegistry=ProvidersCodecRegistry{codecProviders=[ValueCodecProvider{}, BsonValueCodecProvider{}, DBRefCodecProvider{}, DBObjectCodecProvider{}, DocumentCodecProvider{}, IterableCodecProvider{}, MapCodecProvider{}, GeoJsonCodecProvider{}, GridFSFileCodecProvider{}, Jsr310CodecProvider{}, JsonObjectCodecProvider{}, BsonCodecProvider{}, EnumCodecProvider{}, com.mongodb.Jep395RecordCodecProvider@1c788d08]}, clusterSettings={hosts=[localhost:27017], srvServiceName=mongodb, mode=SINGLE, requiredClusterType=UNKNOWN, requiredReplicaSetName='null', serverSelector='null', clusterListeners='[]', serverSelectionTimeout='30000 ms', localThreshold='30000 ms'}, socketSettings=SocketSettings{connectTimeoutMS=10000, readTimeoutMS=0, receiveBufferSize=0, sendBufferSize=0}, heartbeatSocketSettings=SocketSettings{connectTimeoutMS=10000, readTimeoutMS=10000, receiveBufferSize=0, sendBufferSize=0}, connectionPoolSettings=ConnectionPoolSettings{maxSize=100, minSize=0, maxWaitTimeMS=120000, maxConnectionLifeTimeMS=0, maxConnectionIdleTimeMS=0, maintenanceInitialDelayMS=0, maintenanceFrequencyMS=60000, connectionPoolListeners=[io.micrometer.core.instrument.binder.mongodb.MongoMetricsConnectionPoolListener@2adc1e84], maxConnecting=2}, serverSettings=ServerSettings{heartbeatFrequencyMS=10000, minHeartbeatFrequencyMS=500, serverListeners='[]', serverMonitorListeners='[]'}, sslSettings=SslSettings{enabled=false, invalidHostNameAllowed=false, context=null}, applicationName='null', compressorList=[], uuidRepresentation=JAVA_LEGACY, serverApi=null, autoEncryptionSettings=null, contextProvider=null}
2023-09-12 16:44:26.417  INFO 9476 --- [cluster-rtt-ClusterId{value='650024eadba6486ecadaf1f1', description='null'}-localhost:27017] org.mongodb.driver.connection            : Opened connection [connectionId{localValue:2, serverValue:276}] to localhost:27017
2023-09-12 16:44:26.418  INFO 9476 --- [cluster-ClusterId{value='650024eadba6486ecadaf1f1', description='null'}-localhost:27017] org.mongodb.driver.connection            : Opened connection [connectionId{localValue:1, serverValue:275}] to localhost:27017
2023-09-12 16:44:26.418  INFO 9476 --- [cluster-ClusterId{value='650024eadba6486ecadaf1f1', description='null'}-localhost:27017] org.mongodb.driver.cluster               : Monitor thread successfully connected to server with description ServerDescription{address=localhost:27017, type=STANDALONE, state=CONNECTED, ok=true, minWireVersion=0, maxWireVersion=17, maxDocumentSize=16777216, logicalSessionTimeoutMinutes=30, roundTripTimeNanos=10882600}
2023-09-12 16:44:27.036  INFO 9476 --- [main] o.s.b.a.e.web.EndpointLinksResolver      : Exposing 1 endpoint(s) beneath base path '/actuator'
2023-09-12 16:44:27.546  INFO 9476 --- [main] o.s.b.w.embedded.tomcat.TomcatWebServer  : Tomcat started on port(s): 8090 (http) with context path ''
2023-09-12 16:44:27.672  INFO 9476 --- [http-nio-8090-exec-1] o.a.c.c.C.[Tomcat].[localhost].[/]       : Initializing Spring DispatcherServlet 'dispatcherServlet'
2023-09-12 16:44:27.672  INFO 9476 --- [http-nio-8090-exec-1] o.s.web.servlet.DispatcherServlet        : Initializing Servlet 'dispatcherServlet'
2023-09-12 16:44:27.676  INFO 9476 --- [http-nio-8090-exec-1] o.s.web.servlet.DispatcherServlet        : Completed initialization in 2 ms
2023-09-12 16:44:28.019  INFO 9476 --- [main] com.pingalax.Application                 : Started Application in 5.758 seconds (JVM running for 6.4)
2023-09-12 16:44:28.029  INFO 9476 --- [main] com.pingalax.Application                 : 项目启动成功..........
2023-09-12 16:44:29.448  INFO 9476 --- [RMI TCP Connection(3)-10.0.101.237] org.mongodb.driver.connection            : Opened connection [connectionId{localValue:3, serverValue:277}] to localhost:27017
2023-09-12 16:44:35.275  INFO 9476 --- [http-nio-8090-exec-6] c.p.ext.employee.EmployeeController      : 1
2023-09-12 16:44:35.276  INFO 9476 --- [http-nio-8090-exec-6] c.p.ext.employee.EmployeeController      : Cappuccino
2023-09-12 16:51:15.853  INFO 9476 --- [SpringApplicationShutdownHook] com.alibaba.druid.pool.DruidDataSource   : {dataSource-1} closing ...
2023-09-12 16:51:15.859  INFO 9476 --- [SpringApplicationShutdownHook] com.alibaba.druid.pool.DruidDataSource   : {dataSource-1} closed
2023-09-12 16:51:24.208  INFO 4180 --- [main] com.pingalax.Application                 : Starting Application using Java 11.0.18 on DESKTOP-QUFQ9J8 with PID 4180 (D:\Data\Code\java_code\java-pingalax-swagger\target\classes started by Administrator in D:\Data\Code\java_code\java-pingalax-swagger)
2023-09-12 16:51:24.211  INFO 4180 --- [main] com.pingalax.Application                 : No active profile set, falling back to 1 default profile: "default"
2023-09-12 16:51:26.181  INFO 4180 --- [main] .s.d.r.c.RepositoryConfigurationDelegate : Multiple Spring Data modules found, entering strict repository configuration mode
2023-09-12 16:51:26.182  INFO 4180 --- [main] .s.d.r.c.RepositoryConfigurationDelegate : Bootstrapping Spring Data MongoDB repositories in DEFAULT mode.
2023-09-12 16:51:26.264  INFO 4180 --- [main] .s.d.r.c.RepositoryConfigurationDelegate : Finished Spring Data repository scanning in 76 ms. Found 1 MongoDB repository interfaces.
2023-09-12 16:51:26.277  INFO 4180 --- [main] .s.d.r.c.RepositoryConfigurationDelegate : Multiple Spring Data modules found, entering strict repository configuration mode
2023-09-12 16:51:26.279  INFO 4180 --- [main] .s.d.r.c.RepositoryConfigurationDelegate : Bootstrapping Spring Data Redis repositories in DEFAULT mode.
2023-09-12 16:51:26.306  INFO 4180 --- [main] .RepositoryConfigurationExtensionSupport : Spring Data Redis - Could not safely identify store assignment for repository candidate interface com.pingalax.dao.information.CollectDataDao; If you want this repository to be a Redis repository, consider annotating your entities with one of these annotations: org.springframework.data.redis.core.RedisHash (preferred), or consider extending one of the following types with your repository: org.springframework.data.keyvalue.repository.KeyValueRepository
2023-09-12 16:51:26.306  INFO 4180 --- [main] .s.d.r.c.RepositoryConfigurationDelegate : Finished Spring Data repository scanning in 15 ms. Found 0 Redis repository interfaces.
2023-09-12 16:51:26.498  WARN 4180 --- [main] o.m.s.mapper.ClassPathMapperScanner      : Skipping MapperFactoryBean with name 'collectDataDao' and 'com.pingalax.dao.information.CollectDataDao' mapperInterface. Bean already defined with the same name!
2023-09-12 16:51:26.834  INFO 4180 --- [main] trationDelegate$BeanPostProcessorChecker : Bean 'swaggerConfig' of type [com.pingalax.config.SwaggerConfig$$EnhancerBySpringCGLIB$$ffe50a0f] is not eligible for getting processed by all BeanPostProcessors (for example: not eligible for auto-proxying)
2023-09-12 16:51:27.212  INFO 4180 --- [main] o.s.b.w.embedded.tomcat.TomcatWebServer  : Tomcat initialized with port(s): 8090 (http)
2023-09-12 16:51:27.228  INFO 4180 --- [main] o.apache.catalina.core.StandardService   : Starting service [Tomcat]
2023-09-12 16:51:27.229  INFO 4180 --- [main] org.apache.catalina.core.StandardEngine  : Starting Servlet engine: [Apache Tomcat/9.0.78]
2023-09-12 16:51:27.392  INFO 4180 --- [main] o.a.c.c.C.[Tomcat].[localhost].[/]       : Initializing Spring embedded WebApplicationContext
2023-09-12 16:51:27.393  INFO 4180 --- [main] w.s.c.ServletWebServerApplicationContext : Root WebApplicationContext: initialization completed in 3143 ms
2023-09-12 16:51:27.509  INFO 4180 --- [main] c.a.d.s.b.a.DruidDataSourceAutoConfigure : Init DruidDataSource
2023-09-12 16:51:27.663  INFO 4180 --- [main] com.alibaba.druid.pool.DruidDataSource   : {dataSource-1} inited
2023-09-12 16:51:28.935  INFO 4180 --- [main] org.mongodb.driver.client                : MongoClient with metadata {"driver": {"name": "mongo-java-driver|sync|spring-boot", "version": "4.6.1"}, "os": {"type": "Windows", "name": "Windows 11", "architecture": "amd64", "version": "10.0"}, "platform": "Java/Oracle Corporation/11.0.18+9-LTS-195"} created with settings MongoClientSettings{readPreference=primary, writeConcern=WriteConcern{w=null, wTimeout=null ms, journal=null}, retryWrites=true, retryReads=true, readConcern=ReadConcern{level=null}, credential=null, streamFactoryFactory=null, commandListeners=[io.micrometer.core.instrument.binder.mongodb.MongoMetricsCommandListener@117fb9ba], codecRegistry=ProvidersCodecRegistry{codecProviders=[ValueCodecProvider{}, BsonValueCodecProvider{}, DBRefCodecProvider{}, DBObjectCodecProvider{}, DocumentCodecProvider{}, IterableCodecProvider{}, MapCodecProvider{}, GeoJsonCodecProvider{}, GridFSFileCodecProvider{}, Jsr310CodecProvider{}, JsonObjectCodecProvider{}, BsonCodecProvider{}, EnumCodecProvider{}, com.mongodb.Jep395RecordCodecProvider@2b1d1a5]}, clusterSettings={hosts=[localhost:27017], srvServiceName=mongodb, mode=SINGLE, requiredClusterType=UNKNOWN, requiredReplicaSetName='null', serverSelector='null', clusterListeners='[]', serverSelectionTimeout='30000 ms', localThreshold='30000 ms'}, socketSettings=SocketSettings{connectTimeoutMS=10000, readTimeoutMS=0, receiveBufferSize=0, sendBufferSize=0}, heartbeatSocketSettings=SocketSettings{connectTimeoutMS=10000, readTimeoutMS=10000, receiveBufferSize=0, sendBufferSize=0}, connectionPoolSettings=ConnectionPoolSettings{maxSize=100, minSize=0, maxWaitTimeMS=120000, maxConnectionLifeTimeMS=0, maxConnectionIdleTimeMS=0, maintenanceInitialDelayMS=0, maintenanceFrequencyMS=60000, connectionPoolListeners=[io.micrometer.core.instrument.binder.mongodb.MongoMetricsConnectionPoolListener@41e7a544], maxConnecting=2}, serverSettings=ServerSettings{heartbeatFrequencyMS=10000, minHeartbeatFrequencyMS=500, serverListeners='[]', serverMonitorListeners='[]'}, sslSettings=SslSettings{enabled=false, invalidHostNameAllowed=false, context=null}, applicationName='null', compressorList=[], uuidRepresentation=JAVA_LEGACY, serverApi=null, autoEncryptionSettings=null, contextProvider=null}
2023-09-12 16:51:28.960  INFO 4180 --- [cluster-rtt-ClusterId{value='6500269061b53e213b1f439e', description='null'}-localhost:27017] org.mongodb.driver.connection            : Opened connection [connectionId{localValue:2, serverValue:278}] to localhost:27017
2023-09-12 16:51:28.960  INFO 4180 --- [cluster-ClusterId{value='6500269061b53e213b1f439e', description='null'}-localhost:27017] org.mongodb.driver.connection            : Opened connection [connectionId{localValue:1, serverValue:279}] to localhost:27017
2023-09-12 16:51:28.962  INFO 4180 --- [cluster-ClusterId{value='6500269061b53e213b1f439e', description='null'}-localhost:27017] org.mongodb.driver.cluster               : Monitor thread successfully connected to server with description ServerDescription{address=localhost:27017, type=STANDALONE, state=CONNECTED, ok=true, minWireVersion=0, maxWireVersion=17, maxDocumentSize=16777216, logicalSessionTimeoutMinutes=30, roundTripTimeNanos=26740900}
2023-09-12 16:51:30.344  INFO 4180 --- [main] o.s.b.a.e.web.EndpointLinksResolver      : Exposing 1 endpoint(s) beneath base path '/actuator'
2023-09-12 16:51:30.908  INFO 4180 --- [main] o.s.b.w.embedded.tomcat.TomcatWebServer  : Tomcat started on port(s): 8090 (http) with context path ''
2023-09-12 16:51:31.149  INFO 4180 --- [main] com.pingalax.Application                 : Started Application in 7.195 seconds (JVM running for 7.842)
2023-09-12 16:51:31.154  INFO 4180 --- [main] com.pingalax.Application                 : Project starting success..........
2023-09-12 16:51:31.817  INFO 4180 --- [RMI TCP Connection(2)-10.0.101.237] o.a.c.c.C.[Tomcat].[localhost].[/]       : Initializing Spring DispatcherServlet 'dispatcherServlet'
2023-09-12 16:51:31.817  INFO 4180 --- [RMI TCP Connection(2)-10.0.101.237] o.s.web.servlet.DispatcherServlet        : Initializing Servlet 'dispatcherServlet'
2023-09-12 16:51:31.821  INFO 4180 --- [RMI TCP Connection(2)-10.0.101.237] o.s.web.servlet.DispatcherServlet        : Completed initialization in 3 ms
2023-09-12 16:51:32.444  INFO 4180 --- [RMI TCP Connection(1)-10.0.101.237] org.mongodb.driver.connection            : Opened connection [connectionId{localValue:3, serverValue:280}] to localhost:27017
